2025-08-22 17:39:39,400 - INFO - Starting Taiwan drug information scraper
2025-08-22 17:39:39,437 - INFO - 成功读取输入文件: /home/amd3060/drug_extraction_project/data/1140816健保用藥品項查詢項目檔_健保用藥品項.csv
2025-08-22 17:39:39,438 - INFO - 搜索: A000072100 - 鹽酸麻黃　錠２５公絲
2025-08-22 17:39:39,438 - INFO - 开始搜索药物: 鹽酸麻黃　錠２５公絲
2025-08-22 17:40:09,847 - ERROR - TFDA搜索错误: HTTPSConnectionPool(host='info.fda.gov.tw', port=443): Max retries exceeded with url: /MLMS/H0001.aspx?keywd=%E9%B9%BD%E9%85%B8%E9%BA%BB%E9%BB%83%E3%80%80%E9%8C%A0%EF%BC%92%EF%BC%95%E5%85%AC%E7%B5%B2&type=1 (Caused by ConnectTimeoutError(<urllib3.connection.HTTPSConnection object at 0x7ccc5520f500>, 'Connection to info.fda.gov.tw timed out. (connect timeout=30)'))
2025-08-22 17:40:09,848 - INFO - 成功处理 鹽酸麻黃　錠２５公絲
2025-08-22 17:40:11,848 - INFO - 搜索: A000076100 - 安世多阿米諾思錠０．３公克
2025-08-22 17:40:11,848 - INFO - 开始搜索药物: 安世多阿米諾思錠０．３公克
2025-08-22 17:40:41,883 - ERROR - TFDA搜索错误: HTTPSConnectionPool(host='info.fda.gov.tw', port=443): Max retries exceeded with url: /MLMS/H0001.aspx?keywd=%E5%AE%89%E4%B8%96%E5%A4%9A%E9%98%BF%E7%B1%B3%E8%AB%BE%E6%80%9D%E9%8C%A0%EF%BC%90%EF%BC%8E%EF%BC%93%E5%85%AC%E5%85%8B&type=1 (Caused by ConnectTimeoutError(<urllib3.connection.HTTPSConnection object at 0x7ccc5520fe30>, 'Connection to info.fda.gov.tw timed out. (connect timeout=30)'))
2025-08-22 17:40:41,883 - INFO - 成功处理 安世多阿米諾思錠０．３公克
2025-08-22 17:40:43,884 - INFO - 搜索: A000096100 - 明那膠囊
2025-08-22 17:40:43,884 - INFO - 开始搜索药物: 明那膠囊
2025-08-22 17:41:13,927 - ERROR - TFDA搜索错误: HTTPSConnectionPool(host='info.fda.gov.tw', port=443): Max retries exceeded with url: /MLMS/H0001.aspx?keywd=%E6%98%8E%E9%82%A3%E8%86%A0%E5%9B%8A&type=1 (Caused by ConnectTimeoutError(<urllib3.connection.HTTPSConnection object at 0x7ccc552200b0>, 'Connection to info.fda.gov.tw timed out. (connect timeout=30)'))
2025-08-22 17:41:13,927 - INFO - 成功处理 明那膠囊
2025-08-22 17:41:15,927 - INFO - 搜索: A000137151 - 複方甘草合劑液（不含阿片）
2025-08-22 17:41:15,927 - INFO - 开始搜索药物: 複方甘草合劑液（不含阿片）
2025-08-22 17:41:46,420 - ERROR - TFDA搜索错误: HTTPSConnectionPool(host='info.fda.gov.tw', port=443): Max retries exceeded with url: /MLMS/H0001.aspx?keywd=%E8%A4%87%E6%96%B9%E7%94%98%E8%8D%89%E5%90%88%E5%8A%91%E6%B6%B2%EF%BC%88%E4%B8%8D%E5%90%AB%E9%98%BF%E7%89%87%EF%BC%89&type=1 (Caused by ConnectTimeoutError(<urllib3.connection.HTTPSConnection object at 0x7ccc552205c0>, 'Connection to info.fda.gov.tw timed out. (connect timeout=30)'))
2025-08-22 17:41:46,420 - INFO - 成功处理 複方甘草合劑液（不含阿片）
2025-08-22 17:41:48,420 - INFO - 搜索: A000173100 - 福得可錠１５公絲
2025-08-22 17:41:48,420 - INFO - 开始搜索药物: 福得可錠１５公絲
2025-08-22 17:42:18,463 - ERROR - TFDA搜索错误: HTTPSConnectionPool(host='info.fda.gov.tw', port=443): Max retries exceeded with url: /MLMS/H0001.aspx?keywd=%E7%A6%8F%E5%BE%97%E5%8F%AF%E9%8C%A0%EF%BC%91%EF%BC%95%E5%85%AC%E7%B5%B2&type=1 (Caused by ConnectTimeoutError(<urllib3.connection.HTTPSConnection object at 0x7ccc55220dd0>, 'Connection to info.fda.gov.tw timed out. (connect timeout=30)'))
2025-08-22 17:42:18,464 - INFO - 成功处理 福得可錠１５公絲
2025-08-22 17:42:20,466 - INFO - 保存 5 条搜索结果到 /home/amd3060/drug_extraction_project/output/google_search_results_scraped.csv
2025-08-22 17:42:20,466 - INFO - 示例结果:
2025-08-22 17:42:20,466 - INFO - 结果 1: {'藥品代號': 'A000072100', '藥品中文名稱': '鹽酸麻黃\u3000錠２５公絲', '適應症': '', '用法用量': '请遵医嘱。注意事项：详阅说明书。', '注意事項': '', '資料來源': 'nih'}
2025-08-22 17:42:20,466 - INFO - 结果 2: {'藥品代號': 'A000076100', '藥品中文名稱': '安世多阿米諾思錠０．３公克', '適應症': '', '用法用量': '请遵医嘱。注意事项：详阅说明书。', '注意事項': '', '資料來源': 'nih'}
2025-08-22 17:42:20,466 - INFO - 结果 3: {'藥品代號': 'A000096100', '藥品中文名稱': '明那膠囊', '適應症': '', '用法用量': '请遵医嘱。注意事项：详阅说明书。', '注意事項': '', '資料來源': 'nih'}
2025-08-22 17:42:20,466 - INFO - 药物信息爬取过程完成
